D:\DEV\NODE\NODE-IMAGES\THIRD\LIBPNG\PROJECTS\VSTUDIO\RELEASE LIBRARY\LIBPNG15.BSC
D:\DEV\NODE\NODE-IMAGES\THIRD\LIBPNG\PROJECTS\VSTUDIO\LIBPNG\RELEASE LIBRARY\LIBPNG15.PCH
D:\DEV\NODE\NODE-IMAGES\THIRD\LIBPNG\PROJECTS\VSTUDIO\LIBPNG\RELEASE LIBRARY\PNG.SBR
D:\DEV\NODE\NODE-IMAGES\THIRD\LIBPNG\PROJECTS\VSTUDIO\LIBPNG\RELEASE LIBRARY\PNG.OBJ
D:\DEV\NODE\NODE-IMAGES\THIRD\LIBPNG\PROJECTS\VSTUDIO\LIBPNG\RELEASE LIBRARY\VC110.PDB
D:\DEV\NODE\NODE-IMAGES\THIRD\LIBPNG\PROJECTS\VSTUDIO\LIBPNG\RELEASE LIBRARY\PNGERROR.SBR
D:\DEV\NODE\NODE-IMAGES\THIRD\LIBPNG\PROJECTS\VSTUDIO\LIBPNG\RELEASE LIBRARY\PNGGET.SBR
D:\DEV\NODE\NODE-IMAGES\THIRD\LIBPNG\PROJECTS\VSTUDIO\LIBPNG\RELEASE LIBRARY\PNGMEM.SBR
D:\DEV\NODE\NODE-IMAGES\THIRD\LIBPNG\PROJECTS\VSTUDIO\LIBPNG\RELEASE LIBRARY\PNGPREAD.SBR
D:\DEV\NODE\NODE-IMAGES\THIRD\LIBPNG\PROJECTS\VSTUDIO\LIBPNG\RELEASE LIBRARY\PNGREAD.SBR
D:\DEV\NODE\NODE-IMAGES\THIRD\LIBPNG\PROJECTS\VSTUDIO\LIBPNG\RELEASE LIBRARY\PNGRIO.SBR
D:\DEV\NODE\NODE-IMAGES\THIRD\LIBPNG\PROJECTS\VSTUDIO\LIBPNG\RELEASE LIBRARY\PNGRTRAN.SBR
D:\DEV\NODE\NODE-IMAGES\THIRD\LIBPNG\PROJECTS\VSTUDIO\LIBPNG\RELEASE LIBRARY\PNGRUTIL.SBR
D:\DEV\NODE\NODE-IMAGES\THIRD\LIBPNG\PROJECTS\VSTUDIO\LIBPNG\RELEASE LIBRARY\PNGSET.SBR
D:\DEV\NODE\NODE-IMAGES\THIRD\LIBPNG\PROJECTS\VSTUDIO\LIBPNG\RELEASE LIBRARY\PNGTRANS.SBR
D:\DEV\NODE\NODE-IMAGES\THIRD\LIBPNG\PROJECTS\VSTUDIO\LIBPNG\RELEASE LIBRARY\PNGWIO.SBR
D:\DEV\NODE\NODE-IMAGES\THIRD\LIBPNG\PROJECTS\VSTUDIO\LIBPNG\RELEASE LIBRARY\PNGWRITE.SBR
D:\DEV\NODE\NODE-IMAGES\THIRD\LIBPNG\PROJECTS\VSTUDIO\LIBPNG\RELEASE LIBRARY\PNGWTRAN.SBR
D:\DEV\NODE\NODE-IMAGES\THIRD\LIBPNG\PROJECTS\VSTUDIO\LIBPNG\RELEASE LIBRARY\PNGWUTIL.SBR
D:\DEV\NODE\NODE-IMAGES\THIRD\LIBPNG\PROJECTS\VSTUDIO\LIBPNG\RELEASE LIBRARY\PNGWUTIL.OBJ
D:\DEV\NODE\NODE-IMAGES\THIRD\LIBPNG\PROJECTS\VSTUDIO\LIBPNG\RELEASE LIBRARY\PNGWTRAN.OBJ
D:\DEV\NODE\NODE-IMAGES\THIRD\LIBPNG\PROJECTS\VSTUDIO\LIBPNG\RELEASE LIBRARY\PNGWRITE.OBJ
D:\DEV\NODE\NODE-IMAGES\THIRD\LIBPNG\PROJECTS\VSTUDIO\LIBPNG\RELEASE LIBRARY\PNGWIO.OBJ
D:\DEV\NODE\NODE-IMAGES\THIRD\LIBPNG\PROJECTS\VSTUDIO\LIBPNG\RELEASE LIBRARY\PNGTRANS.OBJ
D:\DEV\NODE\NODE-IMAGES\THIRD\LIBPNG\PROJECTS\VSTUDIO\LIBPNG\RELEASE LIBRARY\PNGSET.OBJ
D:\DEV\NODE\NODE-IMAGES\THIRD\LIBPNG\PROJECTS\VSTUDIO\LIBPNG\RELEASE LIBRARY\PNGRUTIL.OBJ
D:\DEV\NODE\NODE-IMAGES\THIRD\LIBPNG\PROJECTS\VSTUDIO\LIBPNG\RELEASE LIBRARY\PNGRTRAN.OBJ
D:\DEV\NODE\NODE-IMAGES\THIRD\LIBPNG\PROJECTS\VSTUDIO\LIBPNG\RELEASE LIBRARY\PNGRIO.OBJ
D:\DEV\NODE\NODE-IMAGES\THIRD\LIBPNG\PROJECTS\VSTUDIO\LIBPNG\RELEASE LIBRARY\PNGREAD.OBJ
D:\DEV\NODE\NODE-IMAGES\THIRD\LIBPNG\PROJECTS\VSTUDIO\LIBPNG\RELEASE LIBRARY\PNGPREAD.OBJ
D:\DEV\NODE\NODE-IMAGES\THIRD\LIBPNG\PROJECTS\VSTUDIO\LIBPNG\RELEASE LIBRARY\PNGMEM.OBJ
D:\DEV\NODE\NODE-IMAGES\THIRD\LIBPNG\PROJECTS\VSTUDIO\LIBPNG\RELEASE LIBRARY\PNGGET.OBJ
D:\DEV\NODE\NODE-IMAGES\THIRD\LIBPNG\PROJECTS\VSTUDIO\LIBPNG\RELEASE LIBRARY\PNGERROR.OBJ
D:\DEV\NODE\NODE-IMAGES\THIRD\LIBPNG\PROJECTS\VSTUDIO\RELEASE LIBRARY\LIBPNG15.LIB
D:\dev\node\node-images\third\libpng\projects\vstudio\libpng\Release Library\png.obj
D:\dev\node\node-images\third\libpng\projects\vstudio\libpng\Release Library\pngerror.obj
D:\dev\node\node-images\third\libpng\projects\vstudio\libpng\Release Library\pngget.obj
D:\dev\node\node-images\third\libpng\projects\vstudio\libpng\Release Library\pngmem.obj
D:\dev\node\node-images\third\libpng\projects\vstudio\libpng\Release Library\pngpread.obj
D:\dev\node\node-images\third\libpng\projects\vstudio\libpng\Release Library\pngread.obj
D:\dev\node\node-images\third\libpng\projects\vstudio\libpng\Release Library\pngrio.obj
D:\dev\node\node-images\third\libpng\projects\vstudio\libpng\Release Library\pngrtran.obj
D:\dev\node\node-images\third\libpng\projects\vstudio\libpng\Release Library\pngrutil.obj
D:\dev\node\node-images\third\libpng\projects\vstudio\libpng\Release Library\pngset.obj
D:\dev\node\node-images\third\libpng\projects\vstudio\libpng\Release Library\pngtrans.obj
D:\dev\node\node-images\third\libpng\projects\vstudio\libpng\Release Library\pngwio.obj
D:\dev\node\node-images\third\libpng\projects\vstudio\libpng\Release Library\pngwrite.obj
D:\dev\node\node-images\third\libpng\projects\vstudio\libpng\Release Library\pngwtran.obj
D:\dev\node\node-images\third\libpng\projects\vstudio\libpng\Release Library\pngwutil.obj
D:\dev\node\node-images\third\libpng\projects\vstudio\libpng\Release Library\BscMake.command.1.tlog
D:\dev\node\node-images\third\libpng\projects\vstudio\libpng\Release Library\bscmake.read.1.tlog
D:\dev\node\node-images\third\libpng\projects\vstudio\libpng\Release Library\bscmake.write.1.tlog
D:\dev\node\node-images\third\libpng\projects\vstudio\libpng\Release Library\cl.command.1.tlog
D:\dev\node\node-images\third\libpng\projects\vstudio\libpng\Release Library\CL.read.1.tlog
D:\dev\node\node-images\third\libpng\projects\vstudio\libpng\Release Library\CL.write.1.tlog
D:\dev\node\node-images\third\libpng\projects\vstudio\libpng\Release Library\Lib-link.read.1.tlog
D:\dev\node\node-images\third\libpng\projects\vstudio\libpng\Release Library\Lib-link.write.1.tlog
D:\dev\node\node-images\third\libpng\projects\vstudio\libpng\Release Library\lib.command.1.tlog
D:\dev\node\node-images\third\libpng\projects\vstudio\libpng\Release Library\libpng15.pch
D:\dev\node\node-images\third\libpng\projects\vstudio\libpng\Release Library\vc110.pdb
D:\dev\node\node-images\third\libpng\projects\vstudio\libpng\Release Library\png.sbr
D:\dev\node\node-images\third\libpng\projects\vstudio\libpng\Release Library\pngerror.sbr
D:\dev\node\node-images\third\libpng\projects\vstudio\libpng\Release Library\pngget.sbr
D:\dev\node\node-images\third\libpng\projects\vstudio\libpng\Release Library\pngmem.sbr
D:\dev\node\node-images\third\libpng\projects\vstudio\libpng\Release Library\pngpread.sbr
D:\dev\node\node-images\third\libpng\projects\vstudio\libpng\Release Library\pngread.sbr
D:\dev\node\node-images\third\libpng\projects\vstudio\libpng\Release Library\pngrio.sbr
D:\dev\node\node-images\third\libpng\projects\vstudio\libpng\Release Library\pngrtran.sbr
D:\dev\node\node-images\third\libpng\projects\vstudio\libpng\Release Library\pngrutil.sbr
D:\dev\node\node-images\third\libpng\projects\vstudio\libpng\Release Library\pngset.sbr
D:\dev\node\node-images\third\libpng\projects\vstudio\libpng\Release Library\pngtrans.sbr
D:\dev\node\node-images\third\libpng\projects\vstudio\libpng\Release Library\pngwio.sbr
D:\dev\node\node-images\third\libpng\projects\vstudio\libpng\Release Library\pngwrite.sbr
D:\dev\node\node-images\third\libpng\projects\vstudio\libpng\Release Library\pngwtran.sbr
D:\dev\node\node-images\third\libpng\projects\vstudio\libpng\Release Library\pngwutil.sbr
D:\dev\node\node-images\third\libpng\projects\vstudio\Release Library\libpng15.lib
D:\dev\node\node-images\third\libpng\projects\vstudio\Release Library\libpng15.bsc
