D:\DEV\NODE\NODE-IMAGES\THIRD\LIBPNG\PROJECTS\VSTUDIO\RELEASE LIBRARY\ZLIB.BSC
D:\DEV\NODE\NODE-IMAGES\THIRD\LIBPNG\PROJECTS\VSTUDIO\ZLIB\RELEASE LIBRARY\ADLER32.SBR
D:\DEV\NODE\NODE-IMAGES\THIRD\LIBPNG\PROJECTS\VSTUDIO\ZLIB\RELEASE LIBRARY\COMPRESS.SBR
D:\DEV\NODE\NODE-IMAGES\THIRD\LIBPNG\PROJECTS\VSTUDIO\ZLIB\RELEASE LIBRARY\CRC32.SBR
D:\DEV\NODE\NODE-IMAGES\THIRD\LIBPNG\PROJECTS\VSTUDIO\ZLIB\RELEASE LIBRARY\DEFLATE.SBR
D:\DEV\NODE\NODE-IMAGES\THIRD\LIBPNG\PROJECTS\VSTUDIO\ZLIB\RELEASE LIBRARY\INFBACK.SBR
D:\DEV\NODE\NODE-IMAGES\THIRD\LIBPNG\PROJECTS\VSTUDIO\ZLIB\RELEASE LIBRARY\INFFAST.SBR
D:\DEV\NODE\NODE-IMAGES\THIRD\LIBPNG\PROJECTS\VSTUDIO\ZLIB\RELEASE LIBRARY\INFLATE.SBR
D:\DEV\NODE\NODE-IMAGES\THIRD\LIBPNG\PROJECTS\VSTUDIO\ZLIB\RELEASE LIBRARY\INFTREES.SBR
D:\DEV\NODE\NODE-IMAGES\THIRD\LIBPNG\PROJECTS\VSTUDIO\ZLIB\RELEASE LIBRARY\TREES.SBR
D:\DEV\NODE\NODE-IMAGES\THIRD\LIBPNG\PROJECTS\VSTUDIO\ZLIB\RELEASE LIBRARY\UNCOMPR.SBR
D:\DEV\NODE\NODE-IMAGES\THIRD\LIBPNG\PROJECTS\VSTUDIO\ZLIB\RELEASE LIBRARY\ZUTIL.SBR
D:\DEV\NODE\NODE-IMAGES\THIRD\LIBPNG\PROJECTS\VSTUDIO\ZLIB\RELEASE LIBRARY\ZUTIL.OBJ
D:\DEV\NODE\NODE-IMAGES\THIRD\LIBPNG\PROJECTS\VSTUDIO\ZLIB\RELEASE LIBRARY\UNCOMPR.OBJ
D:\DEV\NODE\NODE-IMAGES\THIRD\LIBPNG\PROJECTS\VSTUDIO\ZLIB\RELEASE LIBRARY\TREES.OBJ
D:\DEV\NODE\NODE-IMAGES\THIRD\LIBPNG\PROJECTS\VSTUDIO\ZLIB\RELEASE LIBRARY\INFTREES.OBJ
D:\DEV\NODE\NODE-IMAGES\THIRD\LIBPNG\PROJECTS\VSTUDIO\ZLIB\RELEASE LIBRARY\INFLATE.OBJ
D:\DEV\NODE\NODE-IMAGES\THIRD\LIBPNG\PROJECTS\VSTUDIO\ZLIB\RELEASE LIBRARY\INFFAST.OBJ
D:\DEV\NODE\NODE-IMAGES\THIRD\LIBPNG\PROJECTS\VSTUDIO\ZLIB\RELEASE LIBRARY\INFBACK.OBJ
D:\DEV\NODE\NODE-IMAGES\THIRD\LIBPNG\PROJECTS\VSTUDIO\ZLIB\RELEASE LIBRARY\DEFLATE.OBJ
D:\DEV\NODE\NODE-IMAGES\THIRD\LIBPNG\PROJECTS\VSTUDIO\ZLIB\RELEASE LIBRARY\CRC32.OBJ
D:\DEV\NODE\NODE-IMAGES\THIRD\LIBPNG\PROJECTS\VSTUDIO\ZLIB\RELEASE LIBRARY\COMPRESS.OBJ
D:\DEV\NODE\NODE-IMAGES\THIRD\LIBPNG\PROJECTS\VSTUDIO\ZLIB\RELEASE LIBRARY\ADLER32.OBJ
D:\DEV\NODE\NODE-IMAGES\THIRD\LIBPNG\PROJECTS\VSTUDIO\ZLIB\RELEASE LIBRARY\VC110.PDB
D:\DEV\NODE\NODE-IMAGES\THIRD\LIBPNG\PROJECTS\VSTUDIO\RELEASE LIBRARY\ZLIB.LIB
D:\dev\node\node-images\third\libpng\projects\vstudio\zlib\Release Library\adler32.obj
D:\dev\node\node-images\third\libpng\projects\vstudio\zlib\Release Library\compress.obj
D:\dev\node\node-images\third\libpng\projects\vstudio\zlib\Release Library\crc32.obj
D:\dev\node\node-images\third\libpng\projects\vstudio\zlib\Release Library\deflate.obj
D:\dev\node\node-images\third\libpng\projects\vstudio\zlib\Release Library\infback.obj
D:\dev\node\node-images\third\libpng\projects\vstudio\zlib\Release Library\inffast.obj
D:\dev\node\node-images\third\libpng\projects\vstudio\zlib\Release Library\inflate.obj
D:\dev\node\node-images\third\libpng\projects\vstudio\zlib\Release Library\inftrees.obj
D:\dev\node\node-images\third\libpng\projects\vstudio\zlib\Release Library\trees.obj
D:\dev\node\node-images\third\libpng\projects\vstudio\zlib\Release Library\uncompr.obj
D:\dev\node\node-images\third\libpng\projects\vstudio\zlib\Release Library\zutil.obj
D:\dev\node\node-images\third\libpng\projects\vstudio\zlib\Release Library\BscMake.command.1.tlog
D:\dev\node\node-images\third\libpng\projects\vstudio\zlib\Release Library\bscmake.read.1.tlog
D:\dev\node\node-images\third\libpng\projects\vstudio\zlib\Release Library\bscmake.write.1.tlog
D:\dev\node\node-images\third\libpng\projects\vstudio\zlib\Release Library\cl.command.1.tlog
D:\dev\node\node-images\third\libpng\projects\vstudio\zlib\Release Library\CL.read.1.tlog
D:\dev\node\node-images\third\libpng\projects\vstudio\zlib\Release Library\CL.write.1.tlog
D:\dev\node\node-images\third\libpng\projects\vstudio\zlib\Release Library\Lib-link.read.1.tlog
D:\dev\node\node-images\third\libpng\projects\vstudio\zlib\Release Library\Lib-link.write.1.tlog
D:\dev\node\node-images\third\libpng\projects\vstudio\zlib\Release Library\lib.command.1.tlog
D:\dev\node\node-images\third\libpng\projects\vstudio\zlib\Release Library\Lib.read.1.tlog
D:\dev\node\node-images\third\libpng\projects\vstudio\zlib\Release Library\vc110.pdb
D:\dev\node\node-images\third\libpng\projects\vstudio\zlib\Release Library\adler32.sbr
D:\dev\node\node-images\third\libpng\projects\vstudio\zlib\Release Library\compress.sbr
D:\dev\node\node-images\third\libpng\projects\vstudio\zlib\Release Library\crc32.sbr
D:\dev\node\node-images\third\libpng\projects\vstudio\zlib\Release Library\deflate.sbr
D:\dev\node\node-images\third\libpng\projects\vstudio\zlib\Release Library\infback.sbr
D:\dev\node\node-images\third\libpng\projects\vstudio\zlib\Release Library\inffast.sbr
D:\dev\node\node-images\third\libpng\projects\vstudio\zlib\Release Library\inflate.sbr
D:\dev\node\node-images\third\libpng\projects\vstudio\zlib\Release Library\inftrees.sbr
D:\dev\node\node-images\third\libpng\projects\vstudio\zlib\Release Library\trees.sbr
D:\dev\node\node-images\third\libpng\projects\vstudio\zlib\Release Library\uncompr.sbr
D:\dev\node\node-images\third\libpng\projects\vstudio\zlib\Release Library\zutil.sbr
D:\dev\node\node-images\third\libpng\projects\vstudio\Release Library\zlib.lib
D:\dev\node\node-images\third\libpng\projects\vstudio\Release Library\zlib.bsc
